<?xml version="1.0" encoding="UTF-8"?>
<!-- Generated by org.testng.reporters.JUnitXMLReporter -->
<testsuite ignored="0" hostname="Oke" failures="0" tests="5" name="LoginTestEdgeBrowser" time="14.431" errors="0" timestamp="2023-08-01T14:43:35 BST">
  <testcase classname="testCases.TC_003_LoginFunctionalityWithInvalidEmailAndValidPassword" name="LoginTestWithValidCredentials" time="0.0">
    <skipped/>
  </testcase> <!-- LoginTestWithValidCredentials -->
  <testcase classname="testCases.TC_001_LoginFunctionalityWithValidCredentials" name="LoginTestWithValidCredentials" time="0.0">
    <skipped/>
  </testcase> <!-- LoginTestWithValidCredentials -->
  <testcase classname="testCases.TC_005_LoginFunctionalityWithoutCredentials" name="LoginTestWithValidCredentials" time="0.0">
    <skipped/>
  </testcase> <!-- LoginTestWithValidCredentials -->
  <testcase classname="testCases.TC_002_LoginFunctionalityWithInvalidCredentials" name="LoginTestWithInvalidCredentials" time="0.0">
    <skipped/>
  </testcase> <!-- LoginTestWithInvalidCredentials -->
  <testcase classname="testCases.TC_004_LoginFunctionalityWithValidEmailAndInvalidPassword" name="LoginTestWithValidCredentials" time="0.0">
    <skipped/>
  </testcase> <!-- LoginTestWithValidCredentials -->
</testsuite> <!-- LoginTestEdgeBrowser -->
