<?xml version="1.0" encoding="UTF-8"?>
<!-- Generated by org.testng.reporters.JUnitXMLReporter -->
<testsuite ignored="0" hostname="Oke" failures="0" tests="4" name="LoginTest" time="33.623" errors="0" timestamp="2023-08-08T11:33:41 BST">
  <testcase classname="testCases.TC_016_VerifyEmailText" name="VerifyEmailText" time="6.088"/>
  <testcase classname="testCases.TC_017_VerifyPricepallyLogoIsDisplayed" name="VerifyPricepallyLogoIsDisplayed" time="5.998"/>
  <testcase classname="testCases.TC_018_VerifyPasswordText" name="VerifyPasswordText" time="6.025"/>
  <testcase classname="testCases.TC_019_VerifySignInToYourAccountText" name="VerifySignInToYourAccountText" time="6.046"/>
</testsuite> <!-- LoginTest -->
