<?xml version="1.0" encoding="UTF-8"?>
<testng-results ignored="0" total="4" passed="4" failed="0" skipped="0">
  <reporter-output>
  </reporter-output>
  <suite started-at="2023-08-08T11:33:07 BST" name="PricepallyProjectSuite" finished-at="2023-08-08T11:33:41 BST" duration-ms="33623">
    <groups>
    </groups>
    <test started-at="2023-08-08T11:33:07 BST" name="LoginTest" finished-at="2023-08-08T11:33:41 BST" duration-ms="33623">
      <class name="testCases.TC_019_VerifySignInToYourAccountText">
        <test-method is-config="true" signature="setup(java.lang.String)[pri:0, instance:testCases.TC_019_VerifySignInToYourAccountText@6c6cb480]" started-at="2023-08-08T11:33:33 BST" name="setup" finished-at="2023-08-08T11:33:34 BST" duration-ms="1563" status="PASS">
          <params>
            <param index="0">
              <value>
                <![CDATA[edge]]>
              </value>
            </param>
          </params>
          <reporter-output>
          </reporter-output>
        </test-method> <!-- setup -->
        <test-method signature="VerifySignInToYourAccountText()[pri:0, instance:testCases.TC_019_VerifySignInToYourAccountText@6c6cb480]" started-at="2023-08-08T11:33:34 BST" name="VerifySignInToYourAccountText" finished-at="2023-08-08T11:33:40 BST" duration-ms="6046" status="PASS">
          <reporter-output>
          </reporter-output>
        </test-method> <!-- VerifySignInToYourAccountText -->
        <test-method is-config="true" signature="teardown()[pri:0, instance:testCases.TC_019_VerifySignInToYourAccountText@6c6cb480]" started-at="2023-08-08T11:33:40 BST" name="teardown" finished-at="2023-08-08T11:33:41 BST" duration-ms="378" status="PASS">
          <reporter-output>
          </reporter-output>
        </test-method> <!-- teardown -->
      </class> <!-- testCases.TC_019_VerifySignInToYourAccountText -->
      <class name="testCases.TC_016_VerifyEmailText">
        <test-method is-config="true" signature="setup(java.lang.String)[pri:0, instance:testCases.TC_016_VerifyEmailText@62379589]" started-at="2023-08-08T11:33:07 BST" name="setup" finished-at="2023-08-08T11:33:10 BST" duration-ms="2963" status="PASS">
          <params>
            <param index="0">
              <value>
                <![CDATA[edge]]>
              </value>
            </param>
          </params>
          <reporter-output>
          </reporter-output>
        </test-method> <!-- setup -->
        <test-method signature="VerifyEmailText()[pri:0, instance:testCases.TC_016_VerifyEmailText@62379589]" started-at="2023-08-08T11:33:10 BST" name="VerifyEmailText" finished-at="2023-08-08T11:33:16 BST" duration-ms="6088" status="PASS">
          <reporter-output>
          </reporter-output>
        </test-method> <!-- VerifyEmailText -->
        <test-method is-config="true" signature="teardown()[pri:0, instance:testCases.TC_016_VerifyEmailText@62379589]" started-at="2023-08-08T11:33:16 BST" name="teardown" finished-at="2023-08-08T11:33:17 BST" duration-ms="417" status="PASS">
          <reporter-output>
          </reporter-output>
        </test-method> <!-- teardown -->
      </class> <!-- testCases.TC_016_VerifyEmailText -->
      <class name="testCases.TC_017_VerifyPricepallyLogoIsDisplayed">
        <test-method is-config="true" signature="setup(java.lang.String)[pri:0, instance:testCases.TC_017_VerifyPricepallyLogoIsDisplayed@557caf28]" started-at="2023-08-08T11:33:17 BST" name="setup" finished-at="2023-08-08T11:33:18 BST" duration-ms="1617" status="PASS">
          <params>
            <param index="0">
              <value>
                <![CDATA[edge]]>
              </value>
            </param>
          </params>
          <reporter-output>
          </reporter-output>
        </test-method> <!-- setup -->
        <test-method signature="VerifyPricepallyLogoIsDisplayed()[pri:0, instance:testCases.TC_017_VerifyPricepallyLogoIsDisplayed@557caf28]" started-at="2023-08-08T11:33:18 BST" name="VerifyPricepallyLogoIsDisplayed" finished-at="2023-08-08T11:33:24 BST" duration-ms="5998" status="PASS">
          <reporter-output>
          </reporter-output>
        </test-method> <!-- VerifyPricepallyLogoIsDisplayed -->
        <test-method is-config="true" signature="teardown()[pri:0, instance:testCases.TC_017_VerifyPricepallyLogoIsDisplayed@557caf28]" started-at="2023-08-08T11:33:24 BST" name="teardown" finished-at="2023-08-08T11:33:25 BST" duration-ms="453" status="PASS">
          <reporter-output>
          </reporter-output>
        </test-method> <!-- teardown -->
      </class> <!-- testCases.TC_017_VerifyPricepallyLogoIsDisplayed -->
      <class name="testCases.TC_018_VerifyPasswordText">
        <test-method is-config="true" signature="setup(java.lang.String)[pri:0, instance:testCases.TC_018_VerifyPasswordText@408d971b]" started-at="2023-08-08T11:33:25 BST" name="setup" finished-at="2023-08-08T11:33:26 BST" duration-ms="1571" status="PASS">
          <params>
            <param index="0">
              <value>
                <![CDATA[edge]]>
              </value>
            </param>
          </params>
          <reporter-output>
          </reporter-output>
        </test-method> <!-- setup -->
        <test-method signature="VerifyPasswordText()[pri:0, instance:testCases.TC_018_VerifyPasswordText@408d971b]" started-at="2023-08-08T11:33:26 BST" name="VerifyPasswordText" finished-at="2023-08-08T11:33:32 BST" duration-ms="6025" status="PASS">
          <reporter-output>
          </reporter-output>
        </test-method> <!-- VerifyPasswordText -->
        <test-method is-config="true" signature="teardown()[pri:0, instance:testCases.TC_018_VerifyPasswordText@408d971b]" started-at="2023-08-08T11:33:32 BST" name="teardown" finished-at="2023-08-08T11:33:33 BST" duration-ms="410" status="PASS">
          <reporter-output>
          </reporter-output>
        </test-method> <!-- teardown -->
      </class> <!-- testCases.TC_018_VerifyPasswordText -->
    </test> <!-- LoginTest -->
  </suite> <!-- PricepallyProjectSuite -->
</testng-results>
